make all --print-data-base --no-builtin-variables --no-builtin-rules --question
# GNU Make 3.81
# Copyright (C) 2006  Free Software Foundation, Inc.
# This is free software; see the source for copying conditions.
# There is NO warranty; not even for MERCHANTABILITY or FITNESS FOR A
# PARTICULAR PURPOSE.

# This program built for i386-apple-darwin11.3.0
 
make: *** No rule to make target `all'.  Stop.
 

# Make data base, printed on Tue Sep 28 16:15:44 2021

# Variables

# automatic
<D = $(patsubst %/,%,$(dir $<))
# automatic
?F = $(notdir $?)
# environment
ELECTRON_NO_ATTACH_CONSOLE = 1
# environment
LC_CTYPE = UTF-8
# environment
VSCODE_LOG_NATIVE = false
# automatic
?D = $(patsubst %/,%,$(dir $?))
# automatic
@D = $(patsubst %/,%,$(dir $@))
# automatic
@F = $(notdir $@)
# makefile
CURDIR := /Users/daniel/Moshi3D
# makefile
SHELL = /bin/sh
# environment
VSCODE_NLS_CONFIG = {"locale":"en-gb","availableLanguages":{},"_languagePackSupport":true}
# environment
_ = /usr/bin/make
# makefile (from `makefile', line 11)
exe := pracs_exe
# makefile (from `makefile', line 1)
 
MAKEFILE_LIST :=  makefile
# makefile (from `makefile', line 13)
units_cc := cubo.cc ejes.cc escena.cc malla.cc practicas.cc tetraedro.cc 
# environment
VSCODE_AMD_ENTRYPOINT = vs/workbench/services/extensions/node/extensionHostProcess
# environment
VSCODE_VERBOSE_LOGGING = true
# environment
__CFBundleIdentifier = com.apple.Terminal
# environment
VSCODE_IPC_HOOK_EXTHOST = /var/folders/_b/gp88052j16n9b1dxrj5tg1wm0000gn/T/vscode-ipc-e8513168-82f6-42c3-9e46-0c36d5ca228e.sock
# environment
VSCODE_CWD = /Users/daniel/Moshi3D
# environment
GOPROXY = https://proxy.golang.org,direct
# makefile (from `makefile', line 20)
sistoper :=  macOS
# environment
PATH = /usr/local/opt/ccache/libexec:/usr/local/bin:/usr/bin:/bin:/usr/sbin:/sbin:/Library/TeX/texbin:/Library/Apple/usr/bin:/Applications/Visual Studio Code.app/Contents/Resources/app/bin
# makefile (from `makefile', line 24)
cc_flags_macos := -DMACOS
# environment
GOPATH = /Users/daniel/go
# environment
VSCODE_LOG_STACK = false
# environment
ELECTRON_RUN_AS_NODE = 1
# default
.FEATURES := target-specific order-only second-expansion else-if archives jobserver check-symlink
# environment
GNUARMEMB_TOOLCHAIN_PATH = ~/gnuarmemb
# environment
SSH_AUTH_SOCK = /private/tmp/com.apple.launchd.mZ73vVZ8m5/Listeners
# automatic
%F = $(notdir $%)
# environment
VSCODE_PIPE_LOGGING = true
# environment
PWD = /Users/daniel/Moshi3D
# environment
ORIGINAL_XDG_CURRENT_DESKTOP = undefined
# environment
GOMODCACHE = /Users/daniel/go/pkg/mod
# environment
HOME = /Users/daniel
# makefile (from `makefile', line 15)
headers := _aux.h cubo.h ejes.h escena.h malla.h tetraedro.h tuplasg.h
# default
MAKEFILEPATH := /Applications/Xcode.app/Contents/Developer/Makefiles
# environment
VSCODE_CLI = 1
# environment
VSCODE_CODE_CACHE_PATH = /Users/daniel/Library/Application Support/Code/CachedData/e7d7e9a9348e6a8cc8c03f877d39cb72e5dfb1ff
# environment
ZEPHYR_TOOLCHAIN_VARIANT = gnuarmemb
# environment
LOGNAME = daniel
# environment
APPLICATION_INSIGHTS_NO_DIAGNOSTIC_CHANNEL = true
# environment
VSCODE_HANDLES_UNCAUGHT_ERRORS = true
# automatic
^D = $(patsubst %/,%,$(dir $^))
# makefile (from `makefile', line 12)
obj := obj
# environment
XPC_FLAGS = 0x0
# default
MAKE = $(MAKE_COMMAND)
# default
MAKECMDGOALS := all
# environment
SHLVL = 3
# default
MAKE_VERSION := 3.81
# environment
USER = daniel
# makefile
.DEFAULT_GOAL := x
# environment
TERM_SESSION_ID = E7BFC3F1-1EFD-47B8-9607-D26EB0AE5B98
# automatic
%D = $(patsubst %/,%,$(dir $%))
# makefile (from `makefile', line 14)
units_o := obj/cubo.o obj/ejes.o obj/escena.o obj/malla.o obj/practicas.o obj/tetraedro.o
# makefile (from `makefile', line 23)
cc_flags_linux := -DLINUX
# makefile (from `makefile', line 28)
ld_libs_linux := -lGLEW -lGLU -lglut -lGL
# default
MAKE_COMMAND := /Applications/Xcode.app/Contents/Developer/usr/bin/make
# environment
TERM_PROGRAM = Apple_Terminal
# default
.VARIABLES := 
# environment
TMPDIR = /var/folders/_b/gp88052j16n9b1dxrj5tg1wm0000gn/T/
# automatic
*F = $(notdir $*)
# environment
VSCODE_IPC_HOOK = /Users/daniel/Library/Application Support/Code/1.60.0-main.sock
# makefile (from `makefile', line 22)
cc_flags_common := -std=c++17 -g -I/usr/include -I.
# makefile (from `makefile', line 27)
ld_libs_common := -ljpeg
# makefile
MAKEFLAGS = Rrqp
# makefile (from `makefile', line 16)
uname := Darwin
# environment
MFLAGS = -Rrqp
# automatic
*D = $(patsubst %/,%,$(dir $*))
# environment
TERM_PROGRAM_VERSION = 440
# environment
XPC_SERVICE_NAME = 0
# automatic
+D = $(patsubst %/,%,$(dir $+))
# automatic
+F = $(notdir $+)
# environment
__CF_USER_TEXT_ENCODING = 0x1F5:0x0:0x2
# environment
COMMAND_MODE = unix2003
# default
MAKEFILES := 
# makefile (from `makefile', line 18)
en_linux := 
# makefile (from `makefile', line 29)
ld_libs_macos := -framework OpenGL -framework GLUT
# automatic
<F = $(notdir $<)
# environment
LC_ALL = C
# automatic
^F = $(notdir $^)
# default
SUFFIXES := 
# default
.INCLUDE_DIRS = /usr/local/include
# environment
MAKELEVEL := 0
# makefile (from `makefile', line 17)
en_macos := Darwin
# makefile (from `makefile', line 25)
cc_flags := -std=c++17 -g -I/usr/include -I.  -DMACOS
# environment
LANG = C
# environment
TERM = xterm-256color
# makefile (from `makefile', line 30)
ld_libs := -ljpeg  -framework OpenGL -framework GLUT
# environment
VSCODE_PID = 9015
# makefile (from `makefile', line 19)
compiler :=  clang++ 
# variable set hash-table stats:
 
# Load=92/1024=9%, Rehash=0, Collisions=4/135=3%

# Pattern-specific Variable Values

# No pattern-specific variable values.

# Directories

# . (device 16777220, inode 5956075): 22 files, no impossibilities.

# 22 files, no impossibilities in 1 directories.

# Implicit Rules

%.o: %.cc
#  commands to execute (from `makefile', line 41):
	$(compiler) -c -o $(obj)/$@ $(cc_flags) $<
	

%.o: %.cpp
#  commands to execute (from `makefile', line 44):
	$(compiler) -c -o $(obj)/$@ $(cc_flags) $<
	

# 2 implicit rules, 0 (0.0%) terminal.

# Files

# Not a target:
obj/escena.o:
#  Implicit rule search has not been done.
#  Modification time never checked.
#  File has not been updated.

# Not a target:
malla.h:
#  Implicit rule search has not been done.
#  Modification time never checked.
#  File has not been updated.

# Not a target:
obj/malla.o:
#  Implicit rule search has not been done.
#  Modification time never checked.
#  File has not been updated.

# Not a target:
_aux.h:
#  Implicit rule search has not been done.
#  Modification time never checked.
#  File has not been updated.

# Not a target:
all:
#  Command-line target.
#  Implicit rule search has been done.
#  File does not exist.
#  File has not been updated.
# variable set hash-table stats:
# Load=0/32=0%, Rehash=0, Collisions=0/0=0%

tetraedro.cc: _aux.h cubo.h ejes.h escena.h malla.h tetraedro.h tuplasg.h
#  Implicit rule search has not been done.
#  Modification time never checked.
#  File has not been updated.
#  commands to execute (from `makefile', line 47):
	touch $(units_cc)
	

# Not a target:
obj/ejes.o:
#  Implicit rule search has not been done.
#  Modification time never checked.
#  File has not been updated.

x: pracs_exe
#  Phony target (prerequisite of .PHONY).
#  Implicit rule search has not been done.
#  File does not exist.
#  File has not been updated.
#  commands to execute (from `makefile', line 34):
	@echo Enlazando para: $(sistoper)
	./$(exe)
	

.PHONY: x
#  Implicit rule search has not been done.
#  Modification time never checked.
#  File has not been updated.

# Not a target:
cubo.h:
#  Implicit rule search has not been done.
#  Modification time never checked.
#  File has not been updated.

# Not a target:
obj/tetraedro.o:
#  Implicit rule search has not been done.
#  Modification time never checked.
#  File has not been updated.

escena.cc: _aux.h cubo.h ejes.h escena.h malla.h tetraedro.h tuplasg.h
#  Implicit rule search has not been done.
#  Modification time never checked.
#  File has not been updated.
#  commands to execute (from `makefile', line 47):
	touch $(units_cc)
	

pracs_exe: obj/cubo.o obj/ejes.o obj/escena.o obj/malla.o obj/practicas.o obj/tetraedro.o makefile
#  Implicit rule search has not been done.
#  Modification time never checked.
#  File has not been updated.
#  commands to execute (from `makefile', line 38):
	$(compiler) -o $(exe) $(units_o) $(ld_libs)
	

.SUFFIXES:
#  Implicit rule search has not been done.
#  Modification time never checked.
#  File has not been updated.

# Not a target:
obj/practicas.o:
#  Implicit rule search has not been done.
#  Modification time never checked.
#  File has not been updated.

ejes.cc: _aux.h cubo.h ejes.h escena.h malla.h tetraedro.h tuplasg.h
#  Implicit rule search has not been done.
#  Modification time never checked.
#  File has not been updated.
#  commands to execute (from `makefile', line 47):
	touch $(units_cc)
 
	

# Not a target:
makefile:
#  Implicit rule search has been done.
#  Last modified 2021-09-28 16:15:42
#  File has been updated.
#  Successfully updated.
# variable set hash-table stats:
# Load=0/32=0%, Rehash=0, Collisions=0/0=0%

# Not a target:
obj/cubo.o:
#  Implicit rule search has not been done.
#  Modification time never checked.
#  File has not been updated.

# Not a target:
tetraedro.h:
#  Implicit rule search has not been done.
#  Modification time never checked.
#  File has not been updated.

# Not a target:
.DEFAULT:
#  Implicit rule search has not been done.
#  Modification time never checked.
#  File has not been updated.

# Not a target:
escena.h:
#  Implicit rule search has not been done.
#  Modification time never checked.
#  File has not been updated.

malla.cc: _aux.h cubo.h ejes.h escena.h malla.h tetraedro.h tuplasg.h
#  Implicit rule search has not been done.
#  Modification time never checked.
#  File has not been updated.
#  commands to execute (from `makefile', line 47):
	touch $(units_cc)
	

clean:
#  Implicit rule search has not been done.
#  Modification time never checked.
#  File has not been updated.
#  commands to execute (from `makefile', line 50):
	rm -f $(obj)/*.o *_exe
	

# Not a target:
tuplasg.h:
#  Implicit rule search has not been done.
#  Modification time never checked.
#  File has not been updated.

# Not a target:
ejes.h:
#  Implicit rule search has not been done.
#  Modification time never checked.
#  File has not been updated.

cubo.cc: _aux.h cubo.h ejes.h escena.h malla.h tetraedro.h tuplasg.h
#  Implicit rule search has not been done.
#  Modification time never checked.
#  File has not been updated.
#  commands to execute (from `makefile', line 47):
	touch $(units_cc)
	

practicas.cc: _aux.h cubo.h ejes.h escena.h malla.h tetraedro.h tuplasg.h
#  Implicit rule search has not been done.
#  Modification time never checked.
#  File has not been updated.
#  commands to execute (from `makefile', line 47):
	touch $(units_cc)
	

# files hash-table stats:
# Load=27/1024=3%, Rehash=0, Collisions=2/91=2%
# VPATH Search Paths

# No `vpath' search paths.

# No general (`VPATH' variable) search path.

# # of strings in strcache: 1
# # of strcache buffers: 1
# strcache size: total = 4096 / max = 4096 / min = 4096 / avg = 4096
# strcache free: total = 4087 / max = 4087 / min = 4087 / avg = 4087

# Finished Make data base on Tue Sep 28 16:15:44 2021

 
